<?xml version="1.0" encoding="UTF-8"?>
<testsuite xmlns:xsi="http://www.w3.org/2001/XMLSchema-instance" xsi:noNamespaceSchemaLocation="https://maven.apache.org/surefire/maven-surefire-plugin/xsd/surefire-test-report-3.0.xsd" version="3.0" name="TestSuite" time="63.364" tests="3" errors="0" skipped="0" failures="0">
  <properties>
[...]
</properties>
  <testcase name="basePageNavigation" classname="End2End.HomePage" time="31.896"/>
  <testcase name="basePageNavigation" classname="End2End.HomePage" time="15.412"/>
  <testcase name="basePageNavigation" classname="End2End.ValidateTitle" time="0.027"/>
</testsuite>