<?xml version="1.0" encoding="UTF-8"?>
<testng-results ignored="0" total="3" passed="3" failed="0" skipped="0">
  <reporter-output>
  </reporter-output>
  <suite started-at="2019-08-30T18:29:31Z" name="All Test Suite" finished-at="2019-08-30T18:30:34Z" duration-ms="63044">
    <groups>
    </groups>
    <test started-at="2019-08-30T18:29:31Z" name="/Users/singh2_rajiv/Selenium/End2End" finished-at="2019-08-30T18:30:34Z" duration-ms="63044">
      <class name="End2End.ValidateTitle">
        <test-method signature="basePageNavigation()[pri:0, instance:End2End.ValidateTitle@77847718]" started-at="2019-08-30T18:30:34Z" name="basePageNavigation" finished-at="2019-08-30T18:30:34Z" duration-ms="26" status="PASS">
          <reporter-output>
          </reporter-output>
        </test-method> <!-- basePageNavigation -->
      </class> <!-- End2End.ValidateTitle -->
      <class name="End2End.HomePage">
        <test-method is-config="true" signature="setup()[pri:0, instance:End2End.HomePage@158d2680]" started-at="2019-08-30T18:29:31Z" name="setup" finished-at="2019-08-30T18:29:39Z" duration-ms="8124" status="PASS">
          <reporter-output>
          </reporter-output>
        </test-method> <!-- setup -->
        <test-method is-config="true" signature="setup()[pri:0, instance:End2End.ValidateTitle@77847718]" started-at="2019-08-30T18:29:39Z" name="setup" finished-at="2019-08-30T18:29:47Z" duration-ms="7147" status="PASS">
          <reporter-output>
          </reporter-output>
        </test-method> <!-- setup -->
        <test-method signature="basePageNavigation(java.lang.String, java.lang.String)[pri:0, instance:End2End.HomePage@158d2680]" started-at="2019-08-30T18:29:47Z" name="basePageNavigation" data-provider="getData" finished-at="2019-08-30T18:30:19Z" duration-ms="31895" status="PASS">
          <params>
            <param index="0">
              <value>
                <![CDATA[ab@ab.com]]>
              </value>
            </param>
            <param index="1">
              <value>
                <![CDATA[1234]]>
              </value>
            </param>
          </params>
          <reporter-output>
          </reporter-output>
        </test-method> <!-- basePageNavigation -->
        <test-method signature="basePageNavigation(java.lang.String, java.lang.String)[pri:0, instance:End2End.HomePage@158d2680]" started-at="2019-08-30T18:30:19Z" name="basePageNavigation" data-provider="getData" finished-at="2019-08-30T18:30:34Z" duration-ms="15415" status="PASS">
          <params>
            <param index="0">
              <value>
                <![CDATA[cd@cd.com]]>
              </value>
            </param>
            <param index="1">
              <value>
                <![CDATA[5678]]>
              </value>
            </param>
          </params>
          <reporter-output>
          </reporter-output>
        </test-method> <!-- basePageNavigation -->
        <test-method is-config="true" signature="teardown()[pri:0, instance:End2End.HomePage@158d2680]" started-at="2019-08-30T18:30:34Z" name="teardown" finished-at="2019-08-30T18:30:34Z" duration-ms="230" status="PASS">
          <reporter-output>
          </reporter-output>
        </test-method> <!-- teardown -->
        <test-method is-config="true" signature="teardown()[pri:0, instance:End2End.ValidateTitle@77847718]" started-at="2019-08-30T18:30:34Z" name="teardown" finished-at="2019-08-30T18:30:34Z" duration-ms="192" status="PASS">
          <reporter-output>
          </reporter-output>
        </test-method> <!-- teardown -->
      </class> <!-- End2End.HomePage -->
    </test> <!-- /Users/singh2_rajiv/Selenium/End2End -->
  </suite> <!-- All Test Suite -->
</testng-results>
