<?xml version="1.0" encoding="UTF-8"?>
<!-- Generated by org.testng.reporters.JUnitXMLReporter -->
<testsuite ignored="0" hostname="DGB-C02VH08BH" failures="0" tests="3" name="/Users/singh2_rajiv/Selenium/End2End" time="63.044" errors="0" timestamp="30 Aug 2019 18:30:34 GMT">
  <testcase classname="End2End.HomePage" name="basePageNavigation" time="31.895"/>
  <testcase classname="End2End.HomePage" name="basePageNavigation" time="15.415"/>
  <testcase classname="End2End.ValidateTitle" name="basePageNavigation" time="0.026"/>
</testsuite> <!-- /Users/singh2_rajiv/Selenium/End2End -->
